c:\users\noudelle\onedrive - cegep de sherbrooke\spelunky\spelunky\debug\vc142.pdb
c:\users\noudelle\onedrive - cegep de sherbrooke\spelunky\spelunky\debug\vc142.idb
c:\users\noudelle\onedrive - cegep de sherbrooke\spelunky\spelunky\debug\statemachine.obj
c:\users\noudelle\onedrive - cegep de sherbrooke\spelunky\spelunky\debug\splashstate.obj
c:\users\noudelle\onedrive - cegep de sherbrooke\spelunky\spelunky\debug\physics.obj
c:\users\noudelle\onedrive - cegep de sherbrooke\spelunky\spelunky\debug\mainmenustate.obj
c:\users\noudelle\onedrive - cegep de sherbrooke\spelunky\spelunky\debug\main.obj
c:\users\noudelle\onedrive - cegep de sherbrooke\spelunky\spelunky\debug\item.obj
c:\users\noudelle\onedrive - cegep de sherbrooke\spelunky\spelunky\debug\inputmanager.obj
c:\users\noudelle\onedrive - cegep de sherbrooke\spelunky\spelunky\debug\hud.obj
c:\users\noudelle\onedrive - cegep de sherbrooke\spelunky\spelunky\debug\gameoverstate.obj
c:\users\noudelle\onedrive - cegep de sherbrooke\spelunky\spelunky\debug\game.obj
c:\users\noudelle\onedrive - cegep de sherbrooke\spelunky\spelunky\debug\entity.obj
c:\users\noudelle\onedrive - cegep de sherbrooke\spelunky\spelunky\debug\collision.obj
c:\users\noudelle\onedrive - cegep de sherbrooke\spelunky\spelunky\debug\camera.obj
c:\users\noudelle\onedrive - cegep de sherbrooke\spelunky\spelunky\debug\assetmanager.obj
c:\users\noudelle\onedrive - cegep de sherbrooke\spelunky\spelunky\debug\gamestate.obj
c:\users\noudelle\onedrive - cegep de sherbrooke\spelunky\spelunky\debug\collisionbox.obj
c:\users\noudelle\onedrive - cegep de sherbrooke\spelunky\spelunky\debug\enemy.obj
c:\users\noudelle\onedrive - cegep de sherbrooke\spelunky\spelunky\debug\tiles.obj
c:\users\noudelle\onedrive - cegep de sherbrooke\spelunky\spelunky\debug\player.obj
c:\users\noudelle\onedrive - cegep de sherbrooke\spelunky\spelunky\debug\spider.obj
c:\users\noudelle\onedrive - cegep de sherbrooke\spelunky\spelunky\debug\bat.obj
c:\users\noudelle\onedrive - cegep de sherbrooke\spelunky\spelunky\debug\scoringitem.obj
c:\users\noudelle\onedrive - cegep de sherbrooke\spelunky\spelunky\debug\menuanimationstate.obj
c:\users\noudelle\onedrive - cegep de sherbrooke\spelunky\spelunky\debug\characterselectstate.obj
c:\users\noudelle\onedrive - cegep de sherbrooke\spelunky\spelunky\debug\background.obj
c:\users\noudelle\onedrive - cegep de sherbrooke\spelunky\spelunky\debug\room.obj
c:\users\noudelle\onedrive - cegep de sherbrooke\spelunky\debug\spelunky.exe
c:\users\noudelle\onedrive - cegep de sherbrooke\spelunky\spelunky\debug\spelunky.ilk
c:\users\noudelle\onedrive - cegep de sherbrooke\spelunky\debug\spelunky.pdb
c:\users\noudelle\onedrive - cegep de sherbrooke\spelunky\spelunky\debug\spelunky.tlog\cl.command.1.tlog
c:\users\noudelle\onedrive - cegep de sherbrooke\spelunky\spelunky\debug\spelunky.tlog\cl.read.1.tlog
c:\users\noudelle\onedrive - cegep de sherbrooke\spelunky\spelunky\debug\spelunky.tlog\cl.write.1.tlog
c:\users\noudelle\onedrive - cegep de sherbrooke\spelunky\spelunky\debug\spelunky.tlog\link.command.1.tlog
c:\users\noudelle\onedrive - cegep de sherbrooke\spelunky\spelunky\debug\spelunky.tlog\link.read.1.tlog
c:\users\noudelle\onedrive - cegep de sherbrooke\spelunky\spelunky\debug\spelunky.tlog\link.write.1.tlog
